<950> LL/token: -7.89979
<960> LL/token: -7.90032
<970> LL/token: -7.90005
<980> LL/token: -7.9005
<990> LL/token: -7.90056

0       0.5     galaxy samsung huawei xperia download phone support compatible iphone pack xiaomi button apple style nexus personalize include crystal design offer
1       0.5     minecraft quote hindi shayari skin pocket edition mojang attitude poetry entertainment reserve collection brand assets property motivational download owner inspirational
2       0.5     game puzzle object hide brain level escape solve search difference picture challenge jigsaw playing guess piece finding adult logic difficulty
3       0.5     adventure super collect subway running jungle coin game obstacle level runner endless character sonic graphics avoid temple jumping minion enemy
4       0.5     security protect privacy password private secret secure protection applock personal prevent access pattern virus antivirus gallery worry guard vault store
5       0.5     english learn dictionary learning language vocabulary offline phrase search speak lesson meaning grammar speech pronunciation speaking education sentence improve practice
6       0.5     product shopping order store online offer delivery price item deal discount brand coupon customer website deliver exclusive register purchase amazon
7       0.5     truck driving simulator drive parking driver transport game simulation cargo vehicle realistic heavy offroad control mountain skill construction environment transporter
8       0.5     keyboard theme typing smart apply input download button emojis emoji background style support prediction language design instal experience font personalization
9       0.5     weather widget clock forecast current digital temperature location radar display analog conditions local sunset storm alert accurate daily alarm sunrise
10      0.5     funny voice changer joke change friend snake talking laugh effects entertainment face crazy download meme smile hilarious share adult troll
11      0.5     train vehicle service ticket station driver booking airport railway metro track travel journey check passenger stations transport local stops destination
12      0.5     number call contact caller numbers calling incoming block dialer roller coaster unknown identify receive communication option blocker outgo search operator
13      0.5     flower black white green beautiful nature garden spring yellow natural forest crown rose blossom landscape background autumn leaf orange brown
14      0.5     bubble block classic level break puzzle shoot shooter ball clear stick brick color addictive balloon challenge line burst excite deluxe
15      0.5     racing stunt track speed driving drive game extreme crazy traffic impossible rider racer realistic drift challenge control crash sport simulator
16      0.5     people dating horoscope future daily fortnite partner relationship match person sign interest personality today woman zodiac online profile random astrology
17      0.5     track check blood report tracker pressure chart total monitor activity period tracking counter finger count statistics record cycle base progress
18      0.5     point sensor display position detector field measure meter detect distance scale range tool circle magnetic angle metal measurement fix maximum
19      0.5     support file format browser manager search folder document cloud manage print multiple album export powerful access import multi storage windows
20      0.5     story book reading article reader series library include title short reference interactive source publish create author search community original offline
21      0.5     animal simulator horse hunting plane flying flight jungle airplane rescue hunter simulation game helicopter tiger pilot survival forest attack realistic
22      0.5     wallpaper background image screen personalization picture quality collection resolution support beautiful optimize animate phone landscape tablet category usage battery compat
ible
23      0.5     christmas santa holiday winter claus season easter happy bunny disney merry rabbit freeze gift beautiful firework download spirit choose friend
24      0.5     design dragon pattern mehndi saiyan latest cutting idea shirt style blouse stitch crochet making designer collection cross material jewelry saree
25      0.5     share social latest category network collection friend sharing update platform daily interface trend popular click email upload friendly large links
26      0.5     light flash alert flashlight mouse bright county notification mickey torch night lighting chicago minnie blink california florida texas blinking washington
27      0.5     image picture background night morning animate gallery beautiful collection share select photo remove quality paste option animation change waterfall download
28      0.5     network server access unlimited website password connect hotspot proxy diary code speed tool signal unblock address master hacker site require
29      0.5     happy birthday romantic cards valentine couple wedding special message beautiful greeting love quote mother friend collection invitation anniversary party girlfriend
30      0.5     video music maker audio movie editor slideshow create format player convert converter quality motion select share clip watch support cutter
31      0.5     color coloring colors paint pixel drawing painting sketch picture spinner adult choose fidget pencil create doodle brush creativity design stress
32      0.5     guide trick cheat neighbor reference strategy complete roblox book create guideline learn playing character player secret follow copyright angel disclaimer
33      0.5     child learn educational learning skill toddler parent letters alphabet game activity letter numbers shape develop memory animal teach sound young
34      0.5     event calendar notification note schedule reminder timer task daily create organize month upcoming times list access check personal hours manage
35      0.5     water beach island shark ocean bird summer fishing drop mermaid evolution underwater angry catch dolphin aquarium hungry wave beautiful river
36      0.5     recipe cooking cream chicken pizza drink delicious ingredient tasty chocolate kitchen healthy restaurant coffee dessert making prepare sweet vegetable dish
37      0.5     player cards board solitaire play playing classic multiplayer point rule online chess single popular opponent move game mahjong support piece
38      0.5     amaze download choose beautiful perfect awesome fantastic tablet wonderful great popular waiting offer latest unique completely stun incredible bring ready
39      0.5     theme launcher icon apply wallpaper design support smart style choose screen personalization change custom stylish compatible beautiful inspire personalize awesome
40      0.5     emoji keyboard theme touchpal sticker emoticon emojis colorful support beautiful smiley download include store prediction input language click apply customizable
41      0.5     utilize human years people individual reason simply common amusement figure chance produce order large century generally difficult making small decide
42      0.5     robot space game transform alien planet futuristic earth metal flying transformation laser ultimate universe star steel future action transformer power
43      0.5     feedback suggestion review email comment support contact rating leave problem improve update follow issue request question bottle forget SCREEN_NAME improvement
44      0.5     character anime tutorial learn drawing cartoon paper japanese manga programming basic steps create beginner naruto instructions lesson avatar technique origami
45      0.5     sleep relax stress meditation people positive thought improve focus success health energy relaxation habit massage achieve thinking sleeping technique dream
46      0.5     match candy level fruit puzzle sweet jewel blast crush challenge cookie mania special collect jelly lightning create casual adventure score
47      0.5     diamond heart butterfly glitter unicorn kitty purple puppy panda rainbow lovely beautiful kawaii silver girl girly hearts paris dream smoke
48      0.5     radio music listen stations online station audio playlist artist listening genre song stream streaming country classic search album reggae sleep
49      0.5     purchase subscription include access terms policy premium license privacy package issue visit offer require current month account period trial additional
50      0.5     song hindi tamil lyric telugu marathi punjabi gujarati movie latest bollywood music malayalam collection download kannada bhojpuri entertainment karaoke indian
51      0.5     language english spanish french german chinese translate translation russian arabic translator italian korean portuguese japanese turkish polish greek dutch write
52      0.5     police super superhero crime spider game gangster criminal mission escape chase grand action superheroes mafia rescue monster flying prison amaze
53      0.5     control remote smart support mirror tablet universal function controller connect command switch compatible model panel display works wireless tool cable
54      0.5     movie music piano tile guitar instrument musical song playing chord sound classical quality note rhythm beats hollywood finger melody trailer
55      0.5     copyright owner disclaimer trademark affiliate clash respective names royale endorse purpose guideline generator logos entertainment direct remove intend contact emulator
56      0.5     shiva krishna mantra festival hindu ganesh audio hanuman aarti hindi temple spiritual goddess chalisa ganesha collection sahib tradition daily great
57      0.5     shooting zombie sniper weapon enemy mission action shooter shoot dinosaur survival commando attack military terrorist target strike modern force combat
58      0.5     country unite national pakistan american south france independence canada america australia germany africa republic international august china europe spain singapore
59      0.5     download amaze change tablet customize unique create great design personalize today works elements developer active choose review forget visit swipe
60      0.5     school student class education teacher university college access parent grade include learning campus resource academy study career classroom professional basics
61      0.5     battery power charge saver energy usage saving charger automatically optimize consumption tool electric running smart increase display reduce super extend
62      0.5     sound music ringtones ringtone alarm audio volume notification equalizer tone effects quality booster popular song listen contact melody speaker noise
63      0.5     prank halloween scary friend horror ghost night entertainment clown killer simulate vampire death download freddy scare simulator creepy calling joker
64      0.5     theme wallpaper screen skull launcher apply design cartoon style golden center effects customize dynamic graffiti experience colorful icon black beautiful
65      0.5     business management customer company service services manage client solution office professional employee access product report platform sales process industry project
66      0.5     create maker style design write font change custom choose customize creator cover unique template select stylish writing option background color
67      0.5     location navigation route direction place street tracker finder search current satellite track offline compass traffic tracking locate address earth distance
68      0.5     screen unlock slide display locker change choose enable background password pattern zipper passcode setting beautiful fingerprint lockscreen support customize keypad
69      0.5     dress girl style fashion makeup princess hairstyle woman beauty salon makeover wedding clothes beautiful choose outfit beard accessory shoes model
70      0.5     medical doctor health patient hospital surgery treatment pregnancy disease medicine emergency treat teeth pregnant medication symptom professional remedy problem nurse
71      0.5     travel local hotel guide place offline restaurant visit discover flight search attraction include destination explore offer city airline museum cheap
72      0.5     button select click setting option press change touch choose display glass enable default scroll switch swipe simply corner window enter
73      0.5     record recording recorder repair engine model parts quality audio automatic vehicle mechanic voice tool garage include workshop store option function
74      0.5     download downloader tractor plant farming store village click search farmer crop offline market harvest fast fields quality growing complete large
75      0.5     calculator scanner calculate calculation engineering function formula table barcode converter square conversion convert electrical unit equation circuit problem tool basic
76      0.5     delete permission contact require restore backup recover recovery storage ranger memory file store tool remove external problem instal internal access
77      0.5     dance group party award property studio release stage include album artist dancing celebrity famous estate entertainment feature winning talent star
78      0.5     account payment credit banking transfer check balance money access online finance manage customer expense service bill transactions register secure details
79      0.5     watch tattoo channels channel streaming sport stream latest magazine entertainment newspaper movie online episode breaking bangla daily mobdro series times
80      0.5     money machine reward casino bonus coin slot game point vega prize daily poker online lucky bingo offer jackpot earn complete
81      0.5     house craft build idea building design surprise construction project builder create modern decoration furniture doll small material interior floor place
82      0.5     program community public development provide safety member emergency include report services base develop resource legal organization service issue society department
83      0.5     monster magic adventure fantasy fairy explore quest castle legend pirate treasure kingdom magical ancient creature item discover collect mysterious character
84      0.5     market price currency stock exchange bitcoin trading trade investment finance financial rates option dollar money wallet chart mining forex portfolio
85      0.5     battle fight fighting enemy action fighter ninja attack skill warrior hero strategy power ultimate combat shadow arena wrestling defeat defense
86      0.5     photo frame editor picture sticker gallery collage effects image editing maker share select create photography beautiful montage camera rotate social
87      0.5     experience quality offer unique variety provide bring great interface large technology base selection scene choice intuitive friendly range include interest
88      0.5     workout exercise training weight fitness health muscle program trainer calorie routine improve daily increase healthy coach shape personal goal woman
89      0.5     level challenge score unlock arcade graphics skill gameplay control addictive master wheel achievement difficulty complete physics point mode collect upgrade
90      0.5     friend family share create great member choose ladybug invite love moment forget people miraculous place totally awesome sponge friendly spongebob
91      0.5     camera filter effects photo selfie capture picture mirror photography focus beauty professional tool quality resolution touch blend exposure create color
92      0.5     virtual reality experience augment support include cardboard glasses create type headset friday touch base environment bring tablet fully explore -easy
93      0.5     speed clean memory boost cleaner booster space performance fast cache file cleaning master storage optimize clear improve remove cooler tool
94      0.5     question answer knowledge practice study general topic science chapter exam test education prepare trivia history preparation material cover interview current
95      0.5     football sport league soccer match cricket dream player team score basketball scores pokemon bet champion tournament schedule premier season stats
96      0.5     message search email profile account receive contact messenger group messaging notification instant multiple communication conversation sending access chat followers people
97      0.5     online indian india details check number result aadhar government registration recharge board aadhaar search services provide delhi portal website kerala
98      0.5     quran islamic prayer muslim surah allah audio times offline ramadan islam sheikh arabic qibla muhammad translation recitation listen prophet verse
99      0.5     bible christian jesus verse church james daily book audio reading gospel michael testament prayer christ study reference journal catholic listen

<1000> LL/token: -7.90071

Total time: 2 hours 10 minutes 54 seconds

real    228m12.055s
user    814m6.136s
sys     3m17.368s
